LexToken(comment,'// esto es un comentario de una linea',1,0)
LexToken(main,'main',1,39)
LexToken(lparen,'(',1,44)
LexToken(rparen,')',1,45)
LexToken(lkey,'{',1,47)
LexToken(print,'print',1,51)
LexToken(lparen,'(',1,56)
LexToken(int,1,1,57)
LexToken(rparen,')',1,58)
LexToken(comma,',',1,59)
LexToken(var,'var',1,63)
LexToken(id,'a',1,67)
LexToken(equal,'=',1,69)
LexToken(read,'read',1,71)
LexToken(lparen,'(',1,75)
LexToken(rparen,')',1,76)
LexToken(comma,',',1,77)
LexToken(var,'var',1,81)
LexToken(id,'MiIdentificador',1,85)
LexToken(equal,'=',1,101)
LexToken(int,10,1,103)
LexToken(comma,',',1,105)
LexToken(var,'var',1,109)
LexToken(id,'mi_segundo_identificador',1,113)
LexToken(equal,'=',1,138)
LexToken(int,20,1,140)
LexToken(comma,',',1,142)
LexToken(var,'var',1,146)
LexToken(id,'a',1,150)
LexToken(equal,'=',1,152)
LexToken(id,'true',1,154)
LexToken(comma,',',1,158)
LexToken(if,'if',1,162)
LexToken(id,'a',1,165)
LexToken(lkey,'{',1,167)
LexToken(for,'for',1,173)
LexToken(int,0,1,177)
LexToken(lkey,'{',1,179)
LexToken(print,'print',1,187)
LexToken(lparen,'(',1,192)
LexToken(id,'i',1,193)
LexToken(rparen,')',1,194)
LexToken(comma,',',1,195)
LexToken(rkey,'}',1,201)
LexToken(rkey,'}',1,205)
LexToken(if,'if',1,210)
LexToken(id,'a',1,213)
LexToken(equalequal,'==',1,215)
LexToken(id,'false',1,218)
LexToken(lkey,'{',1,224)
LexToken(rkey,'}',1,228)
LexToken(if,'if',1,233)
LexToken(id,'b',1,236)
LexToken(less,'<',1,238)
LexToken(int,11,1,240)
LexToken(lkey,'{',1,243)
LexToken(var,'var',1,249)
LexToken(id,'entero',1,253)
LexToken(equal,'=',1,260)
LexToken(int,123,1,262)
LexToken(comma,',',1,265)
LexToken(rkey,'}',1,269)
LexToken(if,'if',1,274)
LexToken(id,'a',1,277)
LexToken(diferent,'!=',1,279)
LexToken(id,'false',1,282)
LexToken(lkey,'{',1,288)
LexToken(var,'var',1,294)
LexToken(id,'flotante',1,298)
LexToken(equal,'=',1,307)
LexToken(float,1.23,1,309)
LexToken(comma,',',1,313)
LexToken(rkey,'}',1,317)
LexToken(multicomment,'/* comentario multilinea\n  mas lineas del comentario */',1,322)
LexToken(var,'var',1,381)
LexToken(id,'booleano',1,385)
LexToken(equal,'=',1,394)
LexToken(id,'true',1,396)
LexToken(comma,',',1,400)
LexToken(var,'var',1,404)
LexToken(id,'nulo',1,408)
LexToken(equal,'=',1,413)
LexToken(null,'null',1,415)
LexToken(comma,',',1,419)
LexToken(return,'return',1,424)
LexToken(int,0,1,431)
LexToken(rkey,'}',1,433)
