LexToken(main,'main',1,0)
LexToken(lparen,'(',1,5)
LexToken(rparen,')',1,6)
LexToken(lkey,'{',1,8)
LexToken(comment,'// esto es un comentario de una linea',1,12)
LexToken(print,'print',1,52)
LexToken(lparen,'(',1,57)
LexToken(int,1,1,58)
LexToken(rparen,')',1,59)
LexToken(comma,',',1,60)
LexToken(var,'var',1,64)
LexToken(id,'a',1,68)
LexToken(equal,'=',1,70)
LexToken(read,'read',1,72)
LexToken(lparen,'(',1,76)
LexToken(rparen,')',1,77)
LexToken(comma,',',1,78)
LexToken(var,'var',1,82)
LexToken(id,'MiIdentificador',1,86)
LexToken(equal,'=',1,102)
LexToken(int,10,1,104)
LexToken(comma,',',1,106)
LexToken(var,'var',1,110)
LexToken(id,'mi_segundo_identificador',1,114)
LexToken(equal,'=',1,139)
LexToken(int,20,1,141)
LexToken(comma,',',1,143)
LexToken(var,'var',1,147)
LexToken(id,'a',1,151)
LexToken(equal,'=',1,153)
LexToken(id,'true',1,155)
LexToken(comma,',',1,159)
LexToken(if,'if',1,163)
LexToken(id,'a',1,166)
LexToken(lkey,'{',1,168)
LexToken(for,'for',1,176)
LexToken(int,0,1,180)
LexToken(comma,',',1,181)
LexToken(int,10,1,183)
LexToken(comma,',',1,186)
LexToken(int,2,1,188)
LexToken(lkey,'{',1,190)
LexToken(rkey,'}',1,192)
LexToken(rkey,'}',1,196)
LexToken(if,'if',1,201)
LexToken(id,'a',1,204)
LexToken(equalequal,'==',1,206)
LexToken(id,'false',1,209)
LexToken(lkey,'{',1,215)
LexToken(rkey,'}',1,219)
LexToken(if,'if',1,224)
LexToken(id,'b',1,227)
LexToken(less,'<',1,229)
LexToken(int,11,1,231)
LexToken(lkey,'{',1,234)
LexToken(var,'var',1,242)
LexToken(id,'entero',1,246)
LexToken(equal,'=',1,253)
LexToken(int,123,1,255)
LexToken(comma,',',1,258)
LexToken(rkey,'}',1,262)
LexToken(if,'if',1,267)
LexToken(id,'a',1,270)
LexToken(diferent,'!=',1,272)
LexToken(id,'false',1,275)
LexToken(lkey,'{',1,281)
LexToken(var,'var',1,289)
LexToken(id,'flotante',1,293)
LexToken(equal,'=',1,302)
LexToken(float,1.23,1,304)
LexToken(comma,',',1,308)
LexToken(rkey,'}',1,312)
LexToken(multicomment,'/* comentario multilinea\n  mas lineas del comentario */',1,317)
LexToken(var,'var',1,376)
LexToken(id,'booleano',1,380)
LexToken(equal,'=',1,389)
LexToken(id,'true',1,391)
LexToken(comma,',',1,395)
LexToken(var,'var',1,399)
LexToken(id,'nulo',1,403)
LexToken(equal,'=',1,408)
LexToken(null,'null',1,410)
LexToken(comma,',',1,414)
LexToken(return,'return',1,419)
LexToken(int,0,1,426)
LexToken(comma,',',1,427)
LexToken(rkey,'}',1,429)
