LexToken(func,'func',1,0)
LexToken(id,'Square',1,5)
LexToken(lparen,'(',1,12)
LexToken(id,'a',1,13)
LexToken(rparen,')',1,14)
LexToken(lkey,'{',1,16)
LexToken(return,'return',1,20)
LexToken(id,'a',1,27)
LexToken(times,'*',1,28)
LexToken(id,'a',1,29)
LexToken(comma,',',1,30)
LexToken(rkey,'}',1,32)
LexToken(main,'main',1,35)
LexToken(lparen,'(',1,39)
LexToken(rparen,')',1,40)
LexToken(lkey,'{',1,42)
LexToken(var,'var',1,48)
LexToken(id,'a',1,52)
LexToken(equal,'=',1,54)
LexToken(int,0,1,56)
LexToken(comma,',',1,57)
LexToken(var,'var',1,63)
LexToken(id,'b',1,67)
LexToken(equal,'=',1,69)
LexToken(float,10.5,1,71)
LexToken(comma,',',1,75)
LexToken(var,'var',1,81)
LexToken(id,'c',1,85)
LexToken(equal,'=',1,87)
LexToken(null,'null',1,89)
LexToken(comma,',',1,93)
LexToken(var,'var',1,99)
LexToken(id,'d',1,103)
LexToken(equal,'=',1,105)
LexToken(string,'"abc"',1,107)
LexToken(comma,',',1,112)
LexToken(var,'var',1,118)
LexToken(id,'e',1,122)
LexToken(equal,'=',1,124)
LexToken(string,"'abc'",1,126)
LexToken(comma,',',1,131)
LexToken(var,'var',1,137)
LexToken(id,'f',1,141)
LexToken(equal,'=',1,143)
LexToken(id,'false',1,145)
LexToken(comma,',',1,150)
LexToken(if,'if',1,157)
LexToken(id,'a',1,160)
LexToken(less,'<',1,162)
LexToken(id,'b',1,164)
LexToken(and,'&',1,166)
LexToken(id,'c',1,168)
LexToken(equalequal,'==',1,170)
LexToken(null,'null',1,173)
LexToken(lkey,'{',1,178)
LexToken(for,'for',1,188)
LexToken(int,0,1,192)
LexToken(comma,',',1,193)
LexToken(id,'b',1,195)
LexToken(comma,',',1,196)
LexToken(int,1,1,198)
LexToken(lkey,'{',1,200)
LexToken(id,'a',1,214)
LexToken(equal,'=',1,216)
LexToken(id,'a',1,218)
LexToken(plus,'+',1,220)
LexToken(int,1,1,222)
LexToken(comma,',',1,223)
LexToken(rkey,'}',1,233)
LexToken(rkey,'}',1,240)
LexToken(elif,'elif',1,249)
LexToken(id,'a',1,254)
LexToken(equalequal,'==',1,256)
LexToken(id,'b',1,259)
LexToken(or,'|',1,261)
LexToken(id,'f',1,263)
LexToken(equalequal,'==',1,265)
LexToken(id,'false',1,268)
LexToken(lkey,'{',1,274)
LexToken(for,'for',1,284)
LexToken(id,'i',1,288)
LexToken(comma,',',1,290)
LexToken(int,2,1,292)
LexToken(times,'*',1,293)
LexToken(id,'b',1,294)
LexToken(lkey,'{',1,296)
LexToken(id,'a',1,310)
LexToken(equal,'=',1,312)
LexToken(id,'a',1,314)
LexToken(plus,'+',1,316)
LexToken(int,1,1,318)
LexToken(comma,',',1,319)
LexToken(rkey,'}',1,329)
LexToken(rkey,'}',1,335)
LexToken(else,'else',1,341)
LexToken(lkey,'{',1,346)
LexToken(while,'while',1,356)
LexToken(id,'a',1,362)
LexToken(greater,'>',1,364)
LexToken(id,'b',1,366)
LexToken(lkey,'{',1,368)
LexToken(id,'a',1,382)
LexToken(equal,'=',1,384)
LexToken(id,'a',1,386)
LexToken(minus,'-',1,388)
LexToken(int,1,1,390)
LexToken(comma,',',1,391)
LexToken(rkey,'}',1,401)
LexToken(rkey,'}',1,407)
LexToken(exec,'exec',1,419)
LexToken(id,'Square',1,424)
LexToken(lparen,'(',1,430)
LexToken(id,'a',1,431)
LexToken(rparen,')',1,432)
LexToken(comma,',',1,433)
LexToken(rkey,'}',1,436)
